  [1m[36m (6.0ms)[0m  [1mCREATE TABLE "schema_migrations" ("version" varchar(255) NOT NULL) [0m
  [1m[35m (5.0ms)[0m  CREATE UNIQUE INDEX "unique_schema_migrations" ON "schema_migrations" ("version")
  [1m[36mActiveRecord::SchemaMigration Load (1.0ms)[0m  [1mSELECT "schema_migrations".* FROM "schema_migrations"[0m
Migrating to CreateResumes (20140311015048)
  [1m[35m (0.0ms)[0m  begin transaction
  [1m[36m (2.0ms)[0m  [1mCREATE TABLE "resumes" ("id" INTEGER PRIMARY KEY AUTOINCREMENT NOT NULL, "name" varchar(255), "attachment" varchar(255), "created_at" datetime, "updated_at" datetime) [0m
  [1m[35mSQL (0.0ms)[0m  INSERT INTO "schema_migrations" ("version") VALUES (?)  [["version", "20140311015048"]]
  [1m[36m (4.0ms)[0m  [1mcommit transaction[0m
  [1m[35mActiveRecord::SchemaMigration Load (0.0ms)[0m  SELECT "schema_migrations".* FROM "schema_migrations"
  [1m[36mActiveRecord::SchemaMigration Load (0.0ms)[0m  [1mSELECT "schema_migrations".* FROM "schema_migrations"[0m
  [1m[35mActiveRecord::SchemaMigration Load (0.0ms)[0m  SELECT "schema_migrations".* FROM "schema_migrations"


Started GET "/" for 127.0.0.1 at 2014-03-10 19:14:14 -0700
  [1m[36mActiveRecord::SchemaMigration Load (1.0ms)[0m  [1mSELECT "schema_migrations".* FROM "schema_migrations"[0m
Processing by ResumesController#index as HTML
  [1m[35mResume Load (0.0ms)[0m  SELECT "resumes".* FROM "resumes"
  Rendered resumes/index.html.erb within layouts/application (50.0ms)
Warning. Error encountered while saving cache 7972c11885204e739a8f5a888c298c6a11831ab3/resumes.css.scssc: can't dump anonymous class #<Class:0x00000003d14928>

Completed 500 Internal Server Error in 212ms

ActionView::Template::Error (File to import not found or unreadable: bootstrap.
Load paths:
  G:/www/chiclancer/v3/public_v3/app/assets/images
  G:/www/chiclancer/v3/public_v3/app/assets/javascripts
  G:/www/chiclancer/v3/public_v3/app/assets/stylesheets
  G:/www/chiclancer/v3/public_v3/vendor/assets/javascripts
  G:/www/chiclancer/v3/public_v3/vendor/assets/stylesheets
  G:/ruby/lib/ruby/gems/2.0.0/gems/anjlab-bootstrap-rails-3.0.3.0/app/assets/fonts
  G:/ruby/lib/ruby/gems/2.0.0/gems/anjlab-bootstrap-rails-3.0.3.0/app/assets/javascripts
  G:/ruby/lib/ruby/gems/2.0.0/gems/anjlab-bootstrap-rails-3.0.3.0/app/assets/stylesheets
  G:/ruby/lib/ruby/gems/2.0.0/gems/anjlab-bootstrap-rails-3.0.3.0/vendor/assets/javascripts
  G:/ruby/lib/ruby/gems/2.0.0/gems/turbolinks-2.2.1/lib/assets/javascripts
  G:/ruby/lib/ruby/gems/2.0.0/gems/jquery-rails-3.1.0/vendor/assets/javascripts
  G:/ruby/lib/ruby/gems/2.0.0/gems/coffee-rails-4.0.1/lib/assets/javascripts
  G:/www/chiclancer/v3/vendor/assets/stylesheets
  (in G:/www/chiclancer/v3/public_v3/app/assets/stylesheets/resumes.css.scss:4)):
    2: <html>
    3: <head>
    4:   <title>PublicV3</title>
    5:   <%= stylesheet_link_tag    "application", media: "all", "data-turbolinks-track" => true %>
    6:   <%= javascript_include_tag "application", "data-turbolinks-track" => true %>
    7:   <%= csrf_meta_tags %>
    8: </head>
  app/assets/stylesheets/resumes.css.scss:4
  app/views/layouts/application.html.erb:5:in `_app_views_layouts_application_html_erb__128368732_75447560'


  Rendered G:/ruby/lib/ruby/gems/2.0.0/gems/actionpack-4.0.2/lib/action_dispatch/middleware/templates/rescues/_trace.erb (2.0ms)
  Rendered G:/ruby/lib/ruby/gems/2.0.0/gems/actionpack-4.0.2/lib/action_dispatch/middleware/templates/rescues/_request_and_response.erb (1.0ms)
  Rendered G:/ruby/lib/ruby/gems/2.0.0/gems/actionpack-4.0.2/lib/action_dispatch/middleware/templates/rescues/template_error.erb within rescues/layout (61.0ms)


Started GET "/" for 127.0.0.1 at 2014-03-10 19:18:58 -0700
  [1m[36mActiveRecord::SchemaMigration Load (1.0ms)[0m  [1mSELECT "schema_migrations".* FROM "schema_migrations"[0m
Processing by ResumesController#index as HTML
  [1m[35mResume Load (1.0ms)[0m  SELECT "resumes".* FROM "resumes"
  Rendered resumes/index.html.erb within layouts/application (6.0ms)
Warning. Error encountered while saving cache 7972c11885204e739a8f5a888c298c6a11831ab3/resumes.css.scssc: can't dump anonymous class #<Class:0x00000003b66a18>

Completed 500 Internal Server Error in 184ms

ActionView::Template::Error (File to import not found or unreadable: bootstrap.
Load paths:
  G:/www/chiclancer/v3/public_v3/app/assets/images
  G:/www/chiclancer/v3/public_v3/app/assets/javascripts
  G:/www/chiclancer/v3/public_v3/app/assets/stylesheets
  G:/www/chiclancer/v3/public_v3/vendor/assets/javascripts
  G:/www/chiclancer/v3/public_v3/vendor/assets/stylesheets
  G:/ruby/lib/ruby/gems/2.0.0/gems/anjlab-bootstrap-rails-3.0.3.0/app/assets/fonts
  G:/ruby/lib/ruby/gems/2.0.0/gems/anjlab-bootstrap-rails-3.0.3.0/app/assets/javascripts
  G:/ruby/lib/ruby/gems/2.0.0/gems/anjlab-bootstrap-rails-3.0.3.0/app/assets/stylesheets
  G:/ruby/lib/ruby/gems/2.0.0/gems/anjlab-bootstrap-rails-3.0.3.0/vendor/assets/javascripts
  G:/ruby/lib/ruby/gems/2.0.0/gems/turbolinks-2.2.1/lib/assets/javascripts
  G:/ruby/lib/ruby/gems/2.0.0/gems/jquery-rails-3.1.0/vendor/assets/javascripts
  G:/ruby/lib/ruby/gems/2.0.0/gems/coffee-rails-4.0.1/lib/assets/javascripts
  G:/www/chiclancer/v3/vendor/assets/stylesheets
  (in G:/www/chiclancer/v3/public_v3/app/assets/stylesheets/resumes.css.scss:4)):
    2: <html>
    3: <head>
    4:   <title>PublicV3</title>
    5:   <%= stylesheet_link_tag    "application", media: "all", "data-turbolinks-track" => true %>
    6:   <%= javascript_include_tag "application", "data-turbolinks-track" => true %>
    7:   <%= csrf_meta_tags %>
    8: </head>
  app/assets/stylesheets/resumes.css.scss:4
  app/views/layouts/application.html.erb:5:in `_app_views_layouts_application_html_erb___133384173_72662120'


  Rendered G:/ruby/lib/ruby/gems/2.0.0/gems/actionpack-4.0.2/lib/action_dispatch/middleware/templates/rescues/_trace.erb (3.0ms)
  Rendered G:/ruby/lib/ruby/gems/2.0.0/gems/actionpack-4.0.2/lib/action_dispatch/middleware/templates/rescues/_request_and_response.erb (1.0ms)
  Rendered G:/ruby/lib/ruby/gems/2.0.0/gems/actionpack-4.0.2/lib/action_dispatch/middleware/templates/rescues/template_error.erb within rescues/layout (47.0ms)


Started GET "/" for 127.0.0.1 at 2014-03-10 19:23:39 -0700
  [1m[36mActiveRecord::SchemaMigration Load (0.0ms)[0m  [1mSELECT "schema_migrations".* FROM "schema_migrations"[0m
Processing by ResumesController#index as HTML
  [1m[35mResume Load (1.0ms)[0m  SELECT "resumes".* FROM "resumes"
  Rendered resumes/index.html.erb within layouts/application (6.0ms)
Warning. Error encountered while saving cache 7972c11885204e739a8f5a888c298c6a11831ab3/resumes.css.scssc: can't dump anonymous class #<Class:0x00000005d28ca0>

Warning. Error encountered while saving cache b9279c1c9814e008a661997e14198a914c49cb44/bootstrap.scssc: can't dump anonymous class #<Class:0x00000005d28ca0>

Warning. Error encountered while saving cache c74cc0fd900c37a471c95cd7df069abc88cd73d0/bootstrap.scssc: can't dump anonymous class #<Class:0x00000005d28ca0>

Warning. Error encountered while saving cache c74cc0fd900c37a471c95cd7df069abc88cd73d0/_variables.scssc: can't dump anonymous class #<Class:0x00000005d28ca0>

Warning. Error encountered while saving cache c74cc0fd900c37a471c95cd7df069abc88cd73d0/_mixins.scssc: can't dump anonymous class #<Class:0x00000005d28ca0>

Warning. Error encountered while saving cache c74cc0fd900c37a471c95cd7df069abc88cd73d0/_reset.scssc: can't dump anonymous class #<Class:0x00000005d28ca0>

Warning. Error encountered while saving cache c74cc0fd900c37a471c95cd7df069abc88cd73d0/_scaffolding.scssc: can't dump anonymous class #<Class:0x00000005d28ca0>

Warning. Error encountered while saving cache c74cc0fd900c37a471c95cd7df069abc88cd73d0/_grid.scssc: can't dump anonymous class #<Class:0x00000005d28ca0>

Warning. Error encountered while saving cache c74cc0fd900c37a471c95cd7df069abc88cd73d0/_layouts.scssc: can't dump anonymous class #<Class:0x00000005d28ca0>

Warning. Error encountered while saving cache c74cc0fd900c37a471c95cd7df069abc88cd73d0/_type.scssc: can't dump anonymous class #<Class:0x00000005d28ca0>

Warning. Error encountered while saving cache c74cc0fd900c37a471c95cd7df069abc88cd73d0/_code.scssc: can't dump anonymous class #<Class:0x00000005d28ca0>

Warning. Error encountered while saving cache c74cc0fd900c37a471c95cd7df069abc88cd73d0/_forms.scssc: can't dump anonymous class #<Class:0x00000005d28ca0>

Warning. Error encountered while saving cache c74cc0fd900c37a471c95cd7df069abc88cd73d0/_tables.scssc: can't dump anonymous class #<Class:0x00000005d28ca0>

Warning. Error encountered while saving cache c74cc0fd900c37a471c95cd7df069abc88cd73d0/_sprites.scssc: can't dump anonymous class #<Class:0x00000005d28ca0>

Warning. Error encountered while saving cache c74cc0fd900c37a471c95cd7df069abc88cd73d0/_dropdowns.scssc: can't dump anonymous class #<Class:0x00000005d28ca0>

Warning. Error encountered while saving cache c74cc0fd900c37a471c95cd7df069abc88cd73d0/_wells.scssc: can't dump anonymous class #<Class:0x00000005d28ca0>

Warning. Error encountered while saving cache c74cc0fd900c37a471c95cd7df069abc88cd73d0/_component-animations.scssc: can't dump anonymous class #<Class:0x00000005d28ca0>

Warning. Error encountered while saving cache c74cc0fd900c37a471c95cd7df069abc88cd73d0/_close.scssc: can't dump anonymous class #<Class:0x00000005d28ca0>

Warning. Error encountered while saving cache c74cc0fd900c37a471c95cd7df069abc88cd73d0/_buttons.scssc: can't dump anonymous class #<Class:0x00000005d28ca0>

Warning. Error encountered while saving cache c74cc0fd900c37a471c95cd7df069abc88cd73d0/_button-groups.scssc: can't dump anonymous class #<Class:0x00000005d28ca0>

Warning. Error encountered while saving cache c74cc0fd900c37a471c95cd7df069abc88cd73d0/_alerts.scssc: can't dump anonymous class #<Class:0x00000005d28ca0>

Warning. Error encountered while saving cache c74cc0fd900c37a471c95cd7df069abc88cd73d0/_navs.scssc: can't dump anonymous class #<Class:0x00000005d28ca0>

Warning. Error encountered while saving cache c74cc0fd900c37a471c95cd7df069abc88cd73d0/_navbar.scssc: can't dump anonymous class #<Class:0x00000005d28ca0>

Warning. Error encountered while saving cache c74cc0fd900c37a471c95cd7df069abc88cd73d0/_breadcrumbs.scssc: can't dump anonymous class #<Class:0x00000005d28ca0>

Warning. Error encountered while saving cache c74cc0fd900c37a471c95cd7df069abc88cd73d0/_pagination.scssc: can't dump anonymous class #<Class:0x00000005d28ca0>

Warning. Error encountered while saving cache c74cc0fd900c37a471c95cd7df069abc88cd73d0/_pager.scssc: can't dump anonymous class #<Class:0x00000005d28ca0>

Warning. Error encountered while saving cache c74cc0fd900c37a471c95cd7df069abc88cd73d0/_modals.scssc: can't dump anonymous class #<Class:0x00000005d28ca0>

Warning. Error encountered while saving cache c74cc0fd900c37a471c95cd7df069abc88cd73d0/_tooltip.scssc: can't dump anonymous class #<Class:0x00000005d28ca0>

Warning. Error encountered while saving cache c74cc0fd900c37a471c95cd7df069abc88cd73d0/_popovers.scssc: can't dump anonymous class #<Class:0x00000005d28ca0>

Warning. Error encountered while saving cache c74cc0fd900c37a471c95cd7df069abc88cd73d0/_thumbnails.scssc: can't dump anonymous class #<Class:0x00000005d28ca0>

Warning. Error encountered while saving cache c74cc0fd900c37a471c95cd7df069abc88cd73d0/_media.scssc: can't dump anonymous class #<Class:0x00000005d28ca0>

Warning. Error encountered while saving cache c74cc0fd900c37a471c95cd7df069abc88cd73d0/_labels-badges.scssc: can't dump anonymous class #<Class:0x00000005d28ca0>

Warning. Error encountered while saving cache c74cc0fd900c37a471c95cd7df069abc88cd73d0/_progress-bars.scssc: can't dump anonymous class #<Class:0x00000005d28ca0>

Warning. Error encountered while saving cache c74cc0fd900c37a471c95cd7df069abc88cd73d0/_accordion.scssc: can't dump anonymous class #<Class:0x00000005d28ca0>

Warning. Error encountered while saving cache c74cc0fd900c37a471c95cd7df069abc88cd73d0/_carousel.scssc: can't dump anonymous class #<Class:0x00000005d28ca0>

Warning. Error encountered while saving cache c74cc0fd900c37a471c95cd7df069abc88cd73d0/_hero-unit.scssc: can't dump anonymous class #<Class:0x00000005d28ca0>

Warning. Error encountered while saving cache c74cc0fd900c37a471c95cd7df069abc88cd73d0/_utilities.scssc: can't dump anonymous class #<Class:0x00000005d28ca0>

Completed 200 OK in 6768ms (Views: 6724.4ms | ActiveRecord: 1.0ms)


Started GET "/assets/resumes.css?body=1" for 127.0.0.1 at 2014-03-10 19:23:46 -0700


Started GET "/assets/application.css?body=1" for 127.0.0.1 at 2014-03-10 19:23:47 -0700


Started GET "/assets/jquery.js?body=1" for 127.0.0.1 at 2014-03-10 19:23:47 -0700


Started GET "/assets/jquery_ujs.js?body=1" for 127.0.0.1 at 2014-03-10 19:23:47 -0700


Started GET "/assets/resumes.js?body=1" for 127.0.0.1 at 2014-03-10 19:23:47 -0700


Started GET "/assets/turbolinks.js?body=1" for 127.0.0.1 at 2014-03-10 19:23:47 -0700


Started GET "/assets/application.js?body=1" for 127.0.0.1 at 2014-03-10 19:23:47 -0700


Started GET "/resumes/new" for 127.0.0.1 at 2014-03-10 19:24:12 -0700
Processing by ResumesController#new as HTML
  Rendered resumes/new.html.erb within layouts/application (38.0ms)
Completed 200 OK in 79ms (Views: 72.0ms | ActiveRecord: 2.0ms)


Started POST "/resumes" for 127.0.0.1 at 2014-03-10 19:24:58 -0700
Processing by ResumesController#create as HTML
  Parameters: {"utf8"=>"✓", "authenticity_token"=>"kdCiXIGa6fl8Ro0msPYDifydTpsamhjEHyPz0A76uhQ=", "resume"=>{"name"=>"The best resume of money", "attachment"=>#<ActionDispatch::Http::UploadedFile:0x00000004149688 @tempfile=#<Tempfile:C:/Users/jesusalc/AppData/Local/Temp/RackMultipart20140310-2756-eehxpd>, @original_filename="00X0X_lFDtppi0xAX_600x450.jpg", @content_type="image/jpeg", @headers="Content-Disposition: form-data; name=\"resume[attachment]\"; filename=\"00X0X_lFDtppi0xAX_600x450.jpg\"\r\nContent-Type: image/jpeg\r\n">}, "commit"=>"Save"}
  [1m[36m (0.0ms)[0m  [1mbegin transaction[0m
  [1m[35m (0.0ms)[0m  rollback transaction
  Rendered resumes/new.html.erb within layouts/application (4.0ms)
Completed 200 OK in 45ms (Views: 26.0ms | ActiveRecord: 0.0ms)


Started POST "/resumes" for 127.0.0.1 at 2014-03-10 19:25:52 -0700
Processing by ResumesController#create as HTML
  Parameters: {"utf8"=>"✓", "authenticity_token"=>"kdCiXIGa6fl8Ro0msPYDifydTpsamhjEHyPz0A76uhQ=", "resume"=>{"name"=>"How to avoid cancer", "attachment"=>#<ActionDispatch::Http::UploadedFile:0x00000002ff7420 @tempfile=#<Tempfile:C:/Users/jesusalc/AppData/Local/Temp/RackMultipart20140310-2756-132tevw>, @original_filename="How to avoid cancer.docx", @content_type="application/vnd.openxmlformats-officedocument.wordprocessingml.document", @headers="Content-Disposition: form-data; name=\"resume[attachment]\"; filename=\"How to avoid cancer.docx\"\r\nContent-Type: application/vnd.openxmlformats-officedocument.wordprocessingml.document\r\n">}, "commit"=>"Save"}
  [1m[36m (0.0ms)[0m  [1mbegin transaction[0m
  [1m[35mSQL (7.0ms)[0m  INSERT INTO "resumes" ("attachment", "created_at", "name", "updated_at") VALUES (?, ?, ?, ?)  [["attachment", "How_to_avoid_cancer.docx"], ["created_at", Tue, 11 Mar 2014 02:25:52 UTC +00:00], ["name", "How to avoid cancer"], ["updated_at", Tue, 11 Mar 2014 02:25:52 UTC +00:00]]
  [1m[36m (4.0ms)[0m  [1mcommit transaction[0m
Redirected to http://localhost:3000/resumes
Completed 302 Found in 51ms (ActiveRecord: 11.0ms)


Started GET "/resumes" for 127.0.0.1 at 2014-03-10 19:25:52 -0700
Processing by ResumesController#index as HTML
  [1m[35mResume Load (1.0ms)[0m  SELECT "resumes".* FROM "resumes"
DEPRECATION WARNING: :confirm option is deprecated and will be removed from Rails 4.1. Use 'data: { confirm: 'Text' }' instead. (called from block in _app_views_resumes_index_html_erb__1009087930_44249760 at G:/www/chiclancer/v3/public_v3/app/views/resumes/index.html.erb:23)
  Rendered resumes/index.html.erb within layouts/application (5.0ms)
Completed 200 OK in 31ms (Views: 27.0ms | ActiveRecord: 1.0ms)
  [1m[36mActiveRecord::SchemaMigration Load (1.0ms)[0m  [1mSELECT "schema_migrations".* FROM "schema_migrations"[0m
Migrating to DeviseCreateUsers (20140311025303)
  [1m[35m (0.0ms)[0m  begin transaction
  [1m[36m (2.0ms)[0m  [1mCREATE TABLE "users" ("id" INTEGER PRIMARY KEY AUTOINCREMENT NOT NULL, "email" varchar(255) DEFAULT '' NOT NULL, "encrypted_password" varchar(255) DEFAULT '' NOT NULL, "reset_password_token" varchar(255), "reset_password_sent_at" datetime, "remember_created_at" datetime, "sign_in_count" integer DEFAULT 0 NOT NULL, "current_sign_in_at" datetime, "last_sign_in_at" datetime, "current_sign_in_ip" varchar(255), "last_sign_in_ip" varchar(255), "created_at" datetime, "updated_at" datetime) [0m
  [1m[35m (2.0ms)[0m  CREATE UNIQUE INDEX "index_users_on_email" ON "users" ("email")
  [1m[36m (0.0ms)[0m  [1mCREATE UNIQUE INDEX "index_users_on_reset_password_token" ON "users" ("reset_password_token")[0m
  [1m[35mSQL (0.0ms)[0m  INSERT INTO "schema_migrations" ("version") VALUES (?)  [["version", "20140311025303"]]
  [1m[36m (5.0ms)[0m  [1mcommit transaction[0m
  [1m[35mActiveRecord::SchemaMigration Load (0.0ms)[0m  SELECT "schema_migrations".* FROM "schema_migrations"


Started GET "/users/sign_up" for 127.0.0.1 at 2014-03-10 19:55:00 -0700
  [1m[36mActiveRecord::SchemaMigration Load (0.0ms)[0m  [1mSELECT "schema_migrations".* FROM "schema_migrations"[0m
Processing by Devise::RegistrationsController#new as HTML
  Rendered G:/ruby/lib/ruby/gems/2.0.0/gems/devise-3.2.3/app/views/devise/shared/_links.erb (3.0ms)
  Rendered G:/ruby/lib/ruby/gems/2.0.0/gems/devise-3.2.3/app/views/devise/registrations/new.html.erb within layouts/application (117.0ms)
Completed 200 OK in 346ms (Views: 302.0ms | ActiveRecord: 0.0ms)


Started GET "/assets/application.css?body=1" for 127.0.0.1 at 2014-03-10 19:55:01 -0700


Started GET "/assets/resumes.css?body=1" for 127.0.0.1 at 2014-03-10 19:55:01 -0700


Started GET "/assets/jquery.js?body=1" for 127.0.0.1 at 2014-03-10 19:55:01 -0700


Started GET "/assets/jquery_ujs.js?body=1" for 127.0.0.1 at 2014-03-10 19:55:01 -0700


Started GET "/assets/turbolinks.js?body=1" for 127.0.0.1 at 2014-03-10 19:55:01 -0700


Started GET "/assets/resumes.js?body=1" for 127.0.0.1 at 2014-03-10 19:55:01 -0700


Started GET "/assets/application.js?body=1" for 127.0.0.1 at 2014-03-10 19:55:01 -0700


Started GET "/users/0" for 127.0.0.1 at 2014-03-10 19:55:01 -0700

ActionController::RoutingError (No route matches [GET] "/users/0"):
  actionpack (4.0.2) lib/action_dispatch/middleware/debug_exceptions.rb:21:in `call'
  actionpack (4.0.2) lib/action_dispatch/middleware/show_exceptions.rb:30:in `call'
  railties (4.0.2) lib/rails/rack/logger.rb:38:in `call_app'
  railties (4.0.2) lib/rails/rack/logger.rb:20:in `block in call'
  activesupport (4.0.2) lib/active_support/tagged_logging.rb:67:in `block in tagged'
  activesupport (4.0.2) lib/active_support/tagged_logging.rb:25:in `tagged'
  activesupport (4.0.2) lib/active_support/tagged_logging.rb:67:in `tagged'
  railties (4.0.2) lib/rails/rack/logger.rb:20:in `call'
  actionpack (4.0.2) lib/action_dispatch/middleware/request_id.rb:21:in `call'
  rack (1.5.2) lib/rack/methodoverride.rb:21:in `call'
  rack (1.5.2) lib/rack/runtime.rb:17:in `call'
  activesupport (4.0.2) lib/active_support/cache/strategy/local_cache.rb:83:in `call'
  rack (1.5.2) lib/rack/lock.rb:17:in `call'
  actionpack (4.0.2) lib/action_dispatch/middleware/static.rb:64:in `call'
  rack (1.5.2) lib/rack/sendfile.rb:112:in `call'
  railties (4.0.2) lib/rails/engine.rb:511:in `call'
  railties (4.0.2) lib/rails/application.rb:97:in `call'
  rack (1.5.2) lib/rack/lock.rb:17:in `call'
  rack (1.5.2) lib/rack/content_length.rb:14:in `call'
  rack (1.5.2) lib/rack/handler/webrick.rb:60:in `service'
  G:/ruby/lib/ruby/2.0.0/webrick/httpserver.rb:138:in `service'
  G:/ruby/lib/ruby/2.0.0/webrick/httpserver.rb:94:in `run'
  G:/ruby/lib/ruby/2.0.0/webrick/server.rb:295:in `block in start_thread'


  Rendered G:/ruby/lib/ruby/gems/2.0.0/gems/actionpack-4.0.2/lib/action_dispatch/middleware/templates/rescues/_trace.erb (1.0ms)
  Rendered G:/ruby/lib/ruby/gems/2.0.0/gems/actionpack-4.0.2/lib/action_dispatch/middleware/templates/routes/_route.html.erb (2.0ms)
  Rendered G:/ruby/lib/ruby/gems/2.0.0/gems/actionpack-4.0.2/lib/action_dispatch/middleware/templates/routes/_table.html.erb (20.0ms)
  Rendered G:/ruby/lib/ruby/gems/2.0.0/gems/actionpack-4.0.2/lib/action_dispatch/middleware/templates/rescues/routing_error.erb within rescues/layout (114.0ms)


Started POST "/users" for 127.0.0.1 at 2014-03-10 19:55:16 -0700
Processing by Devise::RegistrationsController#create as HTML
  Parameters: {"utf8"=>"✓", "authenticity_token"=>"kdCiXIGa6fl8Ro0msPYDifydTpsamhjEHyPz0A76uhQ=", "user"=>{"email"=>"nina2014@chiclancer", "password"=>"[FILTERED]", "password_confirmation"=>"[FILTERED]"}, "commit"=>"Sign up"}
  [1m[35m (0.0ms)[0m  begin transaction
  [1m[36mUser Exists (1.0ms)[0m  [1mSELECT 1 AS one FROM "users" WHERE "users"."email" = 'nina2014@chiclancer' LIMIT 1[0m
  [1m[35m (0.0ms)[0m  rollback transaction
  Rendered G:/ruby/lib/ruby/gems/2.0.0/gems/devise-3.2.3/app/views/devise/shared/_links.erb (1.0ms)
  Rendered G:/ruby/lib/ruby/gems/2.0.0/gems/devise-3.2.3/app/views/devise/registrations/new.html.erb within layouts/application (11.0ms)
Completed 200 OK in 277ms (Views: 40.0ms | ActiveRecord: 1.0ms)


Started GET "/assets/application.css?body=1" for 127.0.0.1 at 2014-03-10 19:55:17 -0700


Started GET "/assets/resumes.css?body=1" for 127.0.0.1 at 2014-03-10 19:55:17 -0700


Started GET "/assets/jquery_ujs.js?body=1" for 127.0.0.1 at 2014-03-10 19:55:17 -0700


Started GET "/assets/jquery.js?body=1" for 127.0.0.1 at 2014-03-10 19:55:17 -0700


Started GET "/assets/resumes.js?body=1" for 127.0.0.1 at 2014-03-10 19:55:17 -0700


Started GET "/assets/turbolinks.js?body=1" for 127.0.0.1 at 2014-03-10 19:55:17 -0700


Started GET "/assets/application.js?body=1" for 127.0.0.1 at 2014-03-10 19:55:17 -0700


Started GET "/0" for 127.0.0.1 at 2014-03-10 19:55:17 -0700

ActionController::RoutingError (No route matches [GET] "/0"):
  actionpack (4.0.2) lib/action_dispatch/middleware/debug_exceptions.rb:21:in `call'
  actionpack (4.0.2) lib/action_dispatch/middleware/show_exceptions.rb:30:in `call'
  railties (4.0.2) lib/rails/rack/logger.rb:38:in `call_app'
  railties (4.0.2) lib/rails/rack/logger.rb:20:in `block in call'
  activesupport (4.0.2) lib/active_support/tagged_logging.rb:67:in `block in tagged'
  activesupport (4.0.2) lib/active_support/tagged_logging.rb:25:in `tagged'
  activesupport (4.0.2) lib/active_support/tagged_logging.rb:67:in `tagged'
  railties (4.0.2) lib/rails/rack/logger.rb:20:in `call'
  actionpack (4.0.2) lib/action_dispatch/middleware/request_id.rb:21:in `call'
  rack (1.5.2) lib/rack/methodoverride.rb:21:in `call'
  rack (1.5.2) lib/rack/runtime.rb:17:in `call'
  activesupport (4.0.2) lib/active_support/cache/strategy/local_cache.rb:83:in `call'
  rack (1.5.2) lib/rack/lock.rb:17:in `call'
  actionpack (4.0.2) lib/action_dispatch/middleware/static.rb:64:in `call'
  rack (1.5.2) lib/rack/sendfile.rb:112:in `call'
  railties (4.0.2) lib/rails/engine.rb:511:in `call'
  railties (4.0.2) lib/rails/application.rb:97:in `call'
  rack (1.5.2) lib/rack/lock.rb:17:in `call'
  rack (1.5.2) lib/rack/content_length.rb:14:in `call'
  rack (1.5.2) lib/rack/handler/webrick.rb:60:in `service'
  G:/ruby/lib/ruby/2.0.0/webrick/httpserver.rb:138:in `service'
  G:/ruby/lib/ruby/2.0.0/webrick/httpserver.rb:94:in `run'
  G:/ruby/lib/ruby/2.0.0/webrick/server.rb:295:in `block in start_thread'


  Rendered G:/ruby/lib/ruby/gems/2.0.0/gems/actionpack-4.0.2/lib/action_dispatch/middleware/templates/rescues/_trace.erb (2.0ms)
  Rendered G:/ruby/lib/ruby/gems/2.0.0/gems/actionpack-4.0.2/lib/action_dispatch/middleware/templates/routes/_route.html.erb (4.0ms)
  Rendered G:/ruby/lib/ruby/gems/2.0.0/gems/actionpack-4.0.2/lib/action_dispatch/middleware/templates/routes/_table.html.erb (1.0ms)
  Rendered G:/ruby/lib/ruby/gems/2.0.0/gems/actionpack-4.0.2/lib/action_dispatch/middleware/templates/rescues/routing_error.erb within rescues/layout (98.0ms)


Started POST "/users" for 127.0.0.1 at 2014-03-10 19:55:59 -0700
Processing by Devise::RegistrationsController#create as HTML
  Parameters: {"utf8"=>"✓", "authenticity_token"=>"kdCiXIGa6fl8Ro0msPYDifydTpsamhjEHyPz0A76uhQ=", "user"=>{"email"=>"nina2014@chiclancer.com", "password"=>"[FILTERED]", "password_confirmation"=>"[FILTERED]"}, "commit"=>"Sign up"}
  [1m[36m (1.0ms)[0m  [1mbegin transaction[0m
  [1m[35mUser Exists (1.0ms)[0m  SELECT 1 AS one FROM "users" WHERE "users"."email" = 'nina2014@chiclancer.com' LIMIT 1
Binary data inserted for `string` type on column `encrypted_password`
  [1m[36mSQL (10.0ms)[0m  [1mINSERT INTO "users" ("created_at", "email", "encrypted_password", "updated_at") VALUES (?, ?, ?, ?)[0m  [["created_at", Tue, 11 Mar 2014 02:56:00 UTC +00:00], ["email", "nina2014@chiclancer.com"], ["encrypted_password", "$2a$10$GlnP5yZBtGqvAojtf06x/e/hahEmtzsspjqxFgDCPNa7NAdtdHXqC"], ["updated_at", Tue, 11 Mar 2014 02:56:00 UTC +00:00]]
  [1m[35m (4.0ms)[0m  commit transaction
  [1m[36m (0.0ms)[0m  [1mbegin transaction[0m
Binary data inserted for `string` type on column `last_sign_in_ip`
Binary data inserted for `string` type on column `current_sign_in_ip`
  [1m[35mSQL (3.0ms)[0m  UPDATE "users" SET "last_sign_in_at" = ?, "current_sign_in_at" = ?, "last_sign_in_ip" = ?, "current_sign_in_ip" = ?, "sign_in_count" = ?, "updated_at" = ? WHERE "users"."id" = 1  [["last_sign_in_at", Tue, 11 Mar 2014 02:56:00 UTC +00:00], ["current_sign_in_at", Tue, 11 Mar 2014 02:56:00 UTC +00:00], ["last_sign_in_ip", "127.0.0.1"], ["current_sign_in_ip", "127.0.0.1"], ["sign_in_count", 1], ["updated_at", Tue, 11 Mar 2014 02:56:00 UTC +00:00]]
  [1m[36m (5.0ms)[0m  [1mcommit transaction[0m
Redirected to http://localhost:3000/
Completed 302 Found in 200ms (ActiveRecord: 24.0ms)


Started GET "/" for 127.0.0.1 at 2014-03-10 19:56:00 -0700
Processing by ResumesController#index as HTML
  [1m[35mResume Load (1.0ms)[0m  SELECT "resumes".* FROM "resumes"
DEPRECATION WARNING: :confirm option is deprecated and will be removed from Rails 4.1. Use 'data: { confirm: 'Text' }' instead. (called from block in _app_views_resumes_index_html_erb__853503897_48630180 at G:/www/chiclancer/v3/public_v3/app/views/resumes/index.html.erb:23)
  Rendered resumes/index.html.erb within layouts/application (15.0ms)
Completed 200 OK in 52ms (Views: 34.0ms | ActiveRecord: 3.0ms)


Started GET "/assets/application.css?body=1" for 127.0.0.1 at 2014-03-10 19:56:00 -0700


Started GET "/assets/resumes.css?body=1" for 127.0.0.1 at 2014-03-10 19:56:00 -0700


Started GET "/assets/jquery_ujs.js?body=1" for 127.0.0.1 at 2014-03-10 19:56:00 -0700


Started GET "/assets/jquery.js?body=1" for 127.0.0.1 at 2014-03-10 19:56:00 -0700


Started GET "/assets/turbolinks.js?body=1" for 127.0.0.1 at 2014-03-10 19:56:00 -0700


Started GET "/assets/resumes.js?body=1" for 127.0.0.1 at 2014-03-10 19:56:00 -0700


Started GET "/assets/application.js?body=1" for 127.0.0.1 at 2014-03-10 19:56:00 -0700


Started GET "/0" for 127.0.0.1 at 2014-03-10 19:56:00 -0700

ActionController::RoutingError (No route matches [GET] "/0"):
  actionpack (4.0.2) lib/action_dispatch/middleware/debug_exceptions.rb:21:in `call'
  actionpack (4.0.2) lib/action_dispatch/middleware/show_exceptions.rb:30:in `call'
  railties (4.0.2) lib/rails/rack/logger.rb:38:in `call_app'
  railties (4.0.2) lib/rails/rack/logger.rb:20:in `block in call'
  activesupport (4.0.2) lib/active_support/tagged_logging.rb:67:in `block in tagged'
  activesupport (4.0.2) lib/active_support/tagged_logging.rb:25:in `tagged'
  activesupport (4.0.2) lib/active_support/tagged_logging.rb:67:in `tagged'
  railties (4.0.2) lib/rails/rack/logger.rb:20:in `call'
  actionpack (4.0.2) lib/action_dispatch/middleware/request_id.rb:21:in `call'
  rack (1.5.2) lib/rack/methodoverride.rb:21:in `call'
  rack (1.5.2) lib/rack/runtime.rb:17:in `call'
  activesupport (4.0.2) lib/active_support/cache/strategy/local_cache.rb:83:in `call'
  rack (1.5.2) lib/rack/lock.rb:17:in `call'
  actionpack (4.0.2) lib/action_dispatch/middleware/static.rb:64:in `call'
  rack (1.5.2) lib/rack/sendfile.rb:112:in `call'
  railties (4.0.2) lib/rails/engine.rb:511:in `call'
  railties (4.0.2) lib/rails/application.rb:97:in `call'
  rack (1.5.2) lib/rack/lock.rb:17:in `call'
  rack (1.5.2) lib/rack/content_length.rb:14:in `call'
  rack (1.5.2) lib/rack/handler/webrick.rb:60:in `service'
  G:/ruby/lib/ruby/2.0.0/webrick/httpserver.rb:138:in `service'
  G:/ruby/lib/ruby/2.0.0/webrick/httpserver.rb:94:in `run'
  G:/ruby/lib/ruby/2.0.0/webrick/server.rb:295:in `block in start_thread'


  Rendered G:/ruby/lib/ruby/gems/2.0.0/gems/actionpack-4.0.2/lib/action_dispatch/middleware/templates/rescues/_trace.erb (1.0ms)
  Rendered G:/ruby/lib/ruby/gems/2.0.0/gems/actionpack-4.0.2/lib/action_dispatch/middleware/templates/routes/_route.html.erb (3.0ms)
  Rendered G:/ruby/lib/ruby/gems/2.0.0/gems/actionpack-4.0.2/lib/action_dispatch/middleware/templates/routes/_table.html.erb (3.0ms)
  Rendered G:/ruby/lib/ruby/gems/2.0.0/gems/actionpack-4.0.2/lib/action_dispatch/middleware/templates/rescues/routing_error.erb within rescues/layout (89.0ms)


Started GET "/0" for 127.0.0.1 at 2014-03-10 19:56:47 -0700

ActionController::RoutingError (No route matches [GET] "/0"):
  actionpack (4.0.2) lib/action_dispatch/middleware/debug_exceptions.rb:21:in `call'
  actionpack (4.0.2) lib/action_dispatch/middleware/show_exceptions.rb:30:in `call'
  railties (4.0.2) lib/rails/rack/logger.rb:38:in `call_app'
  railties (4.0.2) lib/rails/rack/logger.rb:20:in `block in call'
  activesupport (4.0.2) lib/active_support/tagged_logging.rb:67:in `block in tagged'
  activesupport (4.0.2) lib/active_support/tagged_logging.rb:25:in `tagged'
  activesupport (4.0.2) lib/active_support/tagged_logging.rb:67:in `tagged'
  railties (4.0.2) lib/rails/rack/logger.rb:20:in `call'
  actionpack (4.0.2) lib/action_dispatch/middleware/request_id.rb:21:in `call'
  rack (1.5.2) lib/rack/methodoverride.rb:21:in `call'
  rack (1.5.2) lib/rack/runtime.rb:17:in `call'
  activesupport (4.0.2) lib/active_support/cache/strategy/local_cache.rb:83:in `call'
  rack (1.5.2) lib/rack/lock.rb:17:in `call'
  actionpack (4.0.2) lib/action_dispatch/middleware/static.rb:64:in `call'
  rack (1.5.2) lib/rack/sendfile.rb:112:in `call'
  railties (4.0.2) lib/rails/engine.rb:511:in `call'
  railties (4.0.2) lib/rails/application.rb:97:in `call'
  rack (1.5.2) lib/rack/lock.rb:17:in `call'
  rack (1.5.2) lib/rack/content_length.rb:14:in `call'
  rack (1.5.2) lib/rack/handler/webrick.rb:60:in `service'
  G:/ruby/lib/ruby/2.0.0/webrick/httpserver.rb:138:in `service'
  G:/ruby/lib/ruby/2.0.0/webrick/httpserver.rb:94:in `run'
  G:/ruby/lib/ruby/2.0.0/webrick/server.rb:295:in `block in start_thread'


  Rendered G:/ruby/lib/ruby/gems/2.0.0/gems/actionpack-4.0.2/lib/action_dispatch/middleware/templates/rescues/_trace.erb (3.0ms)
  Rendered G:/ruby/lib/ruby/gems/2.0.0/gems/actionpack-4.0.2/lib/action_dispatch/middleware/templates/routes/_route.html.erb (3.0ms)
  Rendered G:/ruby/lib/ruby/gems/2.0.0/gems/actionpack-4.0.2/lib/action_dispatch/middleware/templates/routes/_table.html.erb (1.0ms)
  Rendered G:/ruby/lib/ruby/gems/2.0.0/gems/actionpack-4.0.2/lib/action_dispatch/middleware/templates/rescues/routing_error.erb within rescues/layout (88.0ms)


Started GET "/" for 127.0.0.1 at 2014-03-10 19:59:37 -0700
  [1m[36mActiveRecord::SchemaMigration Load (1.0ms)[0m  [1mSELECT "schema_migrations".* FROM "schema_migrations"[0m
Processing by ResumesController#index as HTML
  [1m[35mUser Load (1.0ms)[0m  SELECT "users".* FROM "users" WHERE "users"."id" = 1 ORDER BY "users"."id" ASC LIMIT 1
  [1m[36mResume Load (1.0ms)[0m  [1mSELECT "resumes".* FROM "resumes"[0m
DEPRECATION WARNING: :confirm option is deprecated and will be removed from Rails 4.1. Use 'data: { confirm: 'Text' }' instead. (called from block in _app_views_resumes_index_html_erb__1051175429_47224580 at G:/www/chiclancer/v3/public_v3/app/views/resumes/index.html.erb:23)
  Rendered resumes/index.html.erb within layouts/application (21.0ms)
Completed 200 OK in 312ms (Views: 158.0ms | ActiveRecord: 5.0ms)


Started GET "/assets/resumes.css?body=1" for 127.0.0.1 at 2014-03-10 19:59:38 -0700


Started GET "/assets/jquery.js?body=1" for 127.0.0.1 at 2014-03-10 19:59:38 -0700


Started GET "/assets/application.css?body=1" for 127.0.0.1 at 2014-03-10 19:59:38 -0700


Started GET "/assets/jquery_ujs.js?body=1" for 127.0.0.1 at 2014-03-10 19:59:38 -0700


Started GET "/assets/resumes.js?body=1" for 127.0.0.1 at 2014-03-10 19:59:38 -0700


Started GET "/assets/turbolinks.js?body=1" for 127.0.0.1 at 2014-03-10 19:59:38 -0700


Started GET "/assets/application.js?body=1" for 127.0.0.1 at 2014-03-10 19:59:38 -0700


Started GET "/0" for 127.0.0.1 at 2014-03-10 19:59:38 -0700

ActionController::RoutingError (No route matches [GET] "/0"):
  actionpack (4.0.2) lib/action_dispatch/middleware/debug_exceptions.rb:21:in `call'
  actionpack (4.0.2) lib/action_dispatch/middleware/show_exceptions.rb:30:in `call'
  railties (4.0.2) lib/rails/rack/logger.rb:38:in `call_app'
  railties (4.0.2) lib/rails/rack/logger.rb:20:in `block in call'
  activesupport (4.0.2) lib/active_support/tagged_logging.rb:67:in `block in tagged'
  activesupport (4.0.2) lib/active_support/tagged_logging.rb:25:in `tagged'
  activesupport (4.0.2) lib/active_support/tagged_logging.rb:67:in `tagged'
  railties (4.0.2) lib/rails/rack/logger.rb:20:in `call'
  actionpack (4.0.2) lib/action_dispatch/middleware/request_id.rb:21:in `call'
  rack (1.5.2) lib/rack/methodoverride.rb:21:in `call'
  rack (1.5.2) lib/rack/runtime.rb:17:in `call'
  activesupport (4.0.2) lib/active_support/cache/strategy/local_cache.rb:83:in `call'
  rack (1.5.2) lib/rack/lock.rb:17:in `call'
  actionpack (4.0.2) lib/action_dispatch/middleware/static.rb:64:in `call'
  rack (1.5.2) lib/rack/sendfile.rb:112:in `call'
  railties (4.0.2) lib/rails/engine.rb:511:in `call'
  railties (4.0.2) lib/rails/application.rb:97:in `call'
  rack (1.5.2) lib/rack/lock.rb:17:in `call'
  rack (1.5.2) lib/rack/content_length.rb:14:in `call'
  rack (1.5.2) lib/rack/handler/webrick.rb:60:in `service'
  G:/ruby/lib/ruby/2.0.0/webrick/httpserver.rb:138:in `service'
  G:/ruby/lib/ruby/2.0.0/webrick/httpserver.rb:94:in `run'
  G:/ruby/lib/ruby/2.0.0/webrick/server.rb:295:in `block in start_thread'


  Rendered G:/ruby/lib/ruby/gems/2.0.0/gems/actionpack-4.0.2/lib/action_dispatch/middleware/templates/rescues/_trace.erb (1.0ms)
  Rendered G:/ruby/lib/ruby/gems/2.0.0/gems/actionpack-4.0.2/lib/action_dispatch/middleware/templates/routes/_route.html.erb (3.0ms)
  Rendered G:/ruby/lib/ruby/gems/2.0.0/gems/actionpack-4.0.2/lib/action_dispatch/middleware/templates/routes/_table.html.erb (11.0ms)
  Rendered G:/ruby/lib/ruby/gems/2.0.0/gems/actionpack-4.0.2/lib/action_dispatch/middleware/templates/rescues/routing_error.erb within rescues/layout (105.0ms)


Started DELETE "/users/sign_out" for 127.0.0.1 at 2014-03-10 19:59:49 -0700
Processing by Devise::SessionsController#destroy as HTML
  Parameters: {"authenticity_token"=>"kdCiXIGa6fl8Ro0msPYDifydTpsamhjEHyPz0A76uhQ="}
  [1m[35mUser Load (1.0ms)[0m  SELECT "users".* FROM "users" WHERE "users"."id" = 1 ORDER BY "users"."id" ASC LIMIT 1
  [1m[36m (0.0ms)[0m  [1mbegin transaction[0m
  [1m[35m (0.0ms)[0m  commit transaction
Redirected to http://localhost:3000/
Completed 302 Found in 37ms (ActiveRecord: 1.0ms)


Started GET "/" for 127.0.0.1 at 2014-03-10 19:59:49 -0700
Processing by ResumesController#index as HTML
Completed 401 Unauthorized in 13ms


Started GET "/users/sign_in" for 127.0.0.1 at 2014-03-10 19:59:49 -0700
Processing by Devise::SessionsController#new as HTML
  Rendered G:/ruby/lib/ruby/gems/2.0.0/gems/devise-3.2.3/app/views/devise/shared/_links.erb (2.0ms)
  Rendered G:/ruby/lib/ruby/gems/2.0.0/gems/devise-3.2.3/app/views/devise/sessions/new.html.erb within layouts/application (73.0ms)
Completed 200 OK in 110ms (Views: 104.0ms | ActiveRecord: 0.0ms)


Started GET "/assets/resumes.css?body=1" for 127.0.0.1 at 2014-03-10 19:59:49 -0700


Started GET "/assets/application.css?body=1" for 127.0.0.1 at 2014-03-10 19:59:49 -0700


Started GET "/assets/jquery.js?body=1" for 127.0.0.1 at 2014-03-10 19:59:49 -0700


Started GET "/assets/turbolinks.js?body=1" for 127.0.0.1 at 2014-03-10 19:59:49 -0700


Started GET "/assets/jquery_ujs.js?body=1" for 127.0.0.1 at 2014-03-10 19:59:49 -0700


Started GET "/assets/resumes.js?body=1" for 127.0.0.1 at 2014-03-10 19:59:49 -0700


Started GET "/assets/application.js?body=1" for 127.0.0.1 at 2014-03-10 19:59:49 -0700


Started GET "/users/0" for 127.0.0.1 at 2014-03-10 19:59:49 -0700

ActionController::RoutingError (No route matches [GET] "/users/0"):
  actionpack (4.0.2) lib/action_dispatch/middleware/debug_exceptions.rb:21:in `call'
  actionpack (4.0.2) lib/action_dispatch/middleware/show_exceptions.rb:30:in `call'
  railties (4.0.2) lib/rails/rack/logger.rb:38:in `call_app'
  railties (4.0.2) lib/rails/rack/logger.rb:20:in `block in call'
  activesupport (4.0.2) lib/active_support/tagged_logging.rb:67:in `block in tagged'
  activesupport (4.0.2) lib/active_support/tagged_logging.rb:25:in `tagged'
  activesupport (4.0.2) lib/active_support/tagged_logging.rb:67:in `tagged'
  railties (4.0.2) lib/rails/rack/logger.rb:20:in `call'
  actionpack (4.0.2) lib/action_dispatch/middleware/request_id.rb:21:in `call'
  rack (1.5.2) lib/rack/methodoverride.rb:21:in `call'
  rack (1.5.2) lib/rack/runtime.rb:17:in `call'
  activesupport (4.0.2) lib/active_support/cache/strategy/local_cache.rb:83:in `call'
  rack (1.5.2) lib/rack/lock.rb:17:in `call'
  actionpack (4.0.2) lib/action_dispatch/middleware/static.rb:64:in `call'
  rack (1.5.2) lib/rack/sendfile.rb:112:in `call'
  railties (4.0.2) lib/rails/engine.rb:511:in `call'
  railties (4.0.2) lib/rails/application.rb:97:in `call'
  rack (1.5.2) lib/rack/lock.rb:17:in `call'
  rack (1.5.2) lib/rack/content_length.rb:14:in `call'
  rack (1.5.2) lib/rack/handler/webrick.rb:60:in `service'
  G:/ruby/lib/ruby/2.0.0/webrick/httpserver.rb:138:in `service'
  G:/ruby/lib/ruby/2.0.0/webrick/httpserver.rb:94:in `run'
  G:/ruby/lib/ruby/2.0.0/webrick/server.rb:295:in `block in start_thread'


  Rendered G:/ruby/lib/ruby/gems/2.0.0/gems/actionpack-4.0.2/lib/action_dispatch/middleware/templates/rescues/_trace.erb (1.0ms)
  Rendered G:/ruby/lib/ruby/gems/2.0.0/gems/actionpack-4.0.2/lib/action_dispatch/middleware/templates/routes/_route.html.erb (5.0ms)
  Rendered G:/ruby/lib/ruby/gems/2.0.0/gems/actionpack-4.0.2/lib/action_dispatch/middleware/templates/routes/_table.html.erb (2.0ms)
  Rendered G:/ruby/lib/ruby/gems/2.0.0/gems/actionpack-4.0.2/lib/action_dispatch/middleware/templates/rescues/routing_error.erb within rescues/layout (110.0ms)


Started POST "/users/sign_in" for 127.0.0.1 at 2014-03-10 19:59:51 -0700
Processing by Devise::SessionsController#create as HTML
  Parameters: {"utf8"=>"✓", "authenticity_token"=>"0wiqCAQo12KYUyyh0qGJ7kWd3jGj/iTr7NRsMBi237c=", "user"=>{"email"=>"nina2014@chiclancer.com", "password"=>"[FILTERED]", "remember_me"=>"0"}, "commit"=>"Sign in"}
  [1m[36mUser Load (2.0ms)[0m  [1mSELECT "users".* FROM "users" WHERE "users"."email" = 'nina2014@chiclancer.com' ORDER BY "users"."id" ASC LIMIT 1[0m
  [1m[35m (0.0ms)[0m  begin transaction
  [1m[36mSQL (14.0ms)[0m  [1mUPDATE "users" SET "current_sign_in_at" = ?, "sign_in_count" = ?, "updated_at" = ? WHERE "users"."id" = 1[0m  [["current_sign_in_at", Tue, 11 Mar 2014 02:59:51 UTC +00:00], ["sign_in_count", 2], ["updated_at", Tue, 11 Mar 2014 02:59:51 UTC +00:00]]
  [1m[35m (6.0ms)[0m  commit transaction
Redirected to http://localhost:3000/
Completed 302 Found in 181ms (ActiveRecord: 22.0ms)


Started GET "/" for 127.0.0.1 at 2014-03-10 19:59:51 -0700
Processing by ResumesController#index as HTML
  [1m[36mUser Load (1.0ms)[0m  [1mSELECT "users".* FROM "users" WHERE "users"."id" = 1 ORDER BY "users"."id" ASC LIMIT 1[0m
  [1m[35mResume Load (1.0ms)[0m  SELECT "resumes".* FROM "resumes"
DEPRECATION WARNING: :confirm option is deprecated and will be removed from Rails 4.1. Use 'data: { confirm: 'Text' }' instead. (called from block in _app_views_resumes_index_html_erb__1051175429_47224580 at G:/www/chiclancer/v3/public_v3/app/views/resumes/index.html.erb:23)
  Rendered resumes/index.html.erb within layouts/application (7.0ms)
Completed 200 OK in 42ms (Views: 33.0ms | ActiveRecord: 2.0ms)


Started GET "/assets/application.css?body=1" for 127.0.0.1 at 2014-03-10 19:59:52 -0700


Started GET "/assets/resumes.css?body=1" for 127.0.0.1 at 2014-03-10 19:59:52 -0700


Started GET "/assets/turbolinks.js?body=1" for 127.0.0.1 at 2014-03-10 19:59:52 -0700


Started GET "/assets/resumes.js?body=1" for 127.0.0.1 at 2014-03-10 19:59:52 -0700


Started GET "/assets/jquery.js?body=1" for 127.0.0.1 at 2014-03-10 19:59:52 -0700


Started GET "/assets/jquery_ujs.js?body=1" for 127.0.0.1 at 2014-03-10 19:59:52 -0700


Started GET "/assets/application.js?body=1" for 127.0.0.1 at 2014-03-10 19:59:52 -0700


Started GET "/0" for 127.0.0.1 at 2014-03-10 19:59:52 -0700

ActionController::RoutingError (No route matches [GET] "/0"):
  actionpack (4.0.2) lib/action_dispatch/middleware/debug_exceptions.rb:21:in `call'
  actionpack (4.0.2) lib/action_dispatch/middleware/show_exceptions.rb:30:in `call'
  railties (4.0.2) lib/rails/rack/logger.rb:38:in `call_app'
  railties (4.0.2) lib/rails/rack/logger.rb:20:in `block in call'
  activesupport (4.0.2) lib/active_support/tagged_logging.rb:67:in `block in tagged'
  activesupport (4.0.2) lib/active_support/tagged_logging.rb:25:in `tagged'
  activesupport (4.0.2) lib/active_support/tagged_logging.rb:67:in `tagged'
  railties (4.0.2) lib/rails/rack/logger.rb:20:in `call'
  actionpack (4.0.2) lib/action_dispatch/middleware/request_id.rb:21:in `call'
  rack (1.5.2) lib/rack/methodoverride.rb:21:in `call'
  rack (1.5.2) lib/rack/runtime.rb:17:in `call'
  activesupport (4.0.2) lib/active_support/cache/strategy/local_cache.rb:83:in `call'
  rack (1.5.2) lib/rack/lock.rb:17:in `call'
  actionpack (4.0.2) lib/action_dispatch/middleware/static.rb:64:in `call'
  rack (1.5.2) lib/rack/sendfile.rb:112:in `call'
  railties (4.0.2) lib/rails/engine.rb:511:in `call'
  railties (4.0.2) lib/rails/application.rb:97:in `call'
  rack (1.5.2) lib/rack/lock.rb:17:in `call'
  rack (1.5.2) lib/rack/content_length.rb:14:in `call'
  rack (1.5.2) lib/rack/handler/webrick.rb:60:in `service'
  G:/ruby/lib/ruby/2.0.0/webrick/httpserver.rb:138:in `service'
  G:/ruby/lib/ruby/2.0.0/webrick/httpserver.rb:94:in `run'
  G:/ruby/lib/ruby/2.0.0/webrick/server.rb:295:in `block in start_thread'


  Rendered G:/ruby/lib/ruby/gems/2.0.0/gems/actionpack-4.0.2/lib/action_dispatch/middleware/templates/rescues/_trace.erb (1.0ms)
  Rendered G:/ruby/lib/ruby/gems/2.0.0/gems/actionpack-4.0.2/lib/action_dispatch/middleware/templates/routes/_route.html.erb (3.0ms)
  Rendered G:/ruby/lib/ruby/gems/2.0.0/gems/actionpack-4.0.2/lib/action_dispatch/middleware/templates/routes/_table.html.erb (2.0ms)
  Rendered G:/ruby/lib/ruby/gems/2.0.0/gems/actionpack-4.0.2/lib/action_dispatch/middleware/templates/rescues/routing_error.erb within rescues/layout (156.0ms)


Started GET "/users/edit" for 127.0.0.1 at 2014-03-10 20:00:14 -0700
Processing by Devise::RegistrationsController#edit as HTML
  [1m[36mUser Load (2.0ms)[0m  [1mSELECT "users".* FROM "users" WHERE "users"."id" = 1 ORDER BY "users"."id" ASC LIMIT 1[0m
  Rendered G:/ruby/lib/ruby/gems/2.0.0/gems/devise-3.2.3/app/views/devise/registrations/edit.html.erb within layouts/application (49.0ms)
Completed 200 OK in 104ms (Views: 89.0ms | ActiveRecord: 2.0ms)


Started GET "/0" for 127.0.0.1 at 2014-03-10 20:00:15 -0700

ActionController::RoutingError (No route matches [GET] "/0"):
  actionpack (4.0.2) lib/action_dispatch/middleware/debug_exceptions.rb:21:in `call'
  actionpack (4.0.2) lib/action_dispatch/middleware/show_exceptions.rb:30:in `call'
  railties (4.0.2) lib/rails/rack/logger.rb:38:in `call_app'
  railties (4.0.2) lib/rails/rack/logger.rb:20:in `block in call'
  activesupport (4.0.2) lib/active_support/tagged_logging.rb:67:in `block in tagged'
  activesupport (4.0.2) lib/active_support/tagged_logging.rb:25:in `tagged'
  activesupport (4.0.2) lib/active_support/tagged_logging.rb:67:in `tagged'
  railties (4.0.2) lib/rails/rack/logger.rb:20:in `call'
  actionpack (4.0.2) lib/action_dispatch/middleware/request_id.rb:21:in `call'
  rack (1.5.2) lib/rack/methodoverride.rb:21:in `call'
  rack (1.5.2) lib/rack/runtime.rb:17:in `call'
  activesupport (4.0.2) lib/active_support/cache/strategy/local_cache.rb:83:in `call'
  rack (1.5.2) lib/rack/lock.rb:17:in `call'
  actionpack (4.0.2) lib/action_dispatch/middleware/static.rb:64:in `call'
  rack (1.5.2) lib/rack/sendfile.rb:112:in `call'
  railties (4.0.2) lib/rails/engine.rb:511:in `call'
  railties (4.0.2) lib/rails/application.rb:97:in `call'
  rack (1.5.2) lib/rack/lock.rb:17:in `call'
  rack (1.5.2) lib/rack/content_length.rb:14:in `call'
  rack (1.5.2) lib/rack/handler/webrick.rb:60:in `service'
  G:/ruby/lib/ruby/2.0.0/webrick/httpserver.rb:138:in `service'
  G:/ruby/lib/ruby/2.0.0/webrick/httpserver.rb:94:in `run'
  G:/ruby/lib/ruby/2.0.0/webrick/server.rb:295:in `block in start_thread'


  Rendered G:/ruby/lib/ruby/gems/2.0.0/gems/actionpack-4.0.2/lib/action_dispatch/middleware/templates/rescues/_trace.erb (2.0ms)
  Rendered G:/ruby/lib/ruby/gems/2.0.0/gems/actionpack-4.0.2/lib/action_dispatch/middleware/templates/routes/_route.html.erb (4.0ms)
  Rendered G:/ruby/lib/ruby/gems/2.0.0/gems/actionpack-4.0.2/lib/action_dispatch/middleware/templates/routes/_table.html.erb (2.0ms)
  Rendered G:/ruby/lib/ruby/gems/2.0.0/gems/actionpack-4.0.2/lib/action_dispatch/middleware/templates/rescues/routing_error.erb within rescues/layout (99.0ms)
  [1m[36mActiveRecord::SchemaMigration Load (0.0ms)[0m  [1mSELECT "schema_migrations".* FROM "schema_migrations"[0m


Started GET "/topics" for 127.0.0.1 at 2014-03-20 08:22:36 -0700
  [1m[36mActiveRecord::SchemaMigration Load (0.0ms)[0m  [1mSELECT "schema_migrations".* FROM "schema_migrations"[0m

ActionController::RoutingError (No route matches [GET] "/topics"):
  actionpack (4.0.2) lib/action_dispatch/middleware/debug_exceptions.rb:21:in `call'
  actionpack (4.0.2) lib/action_dispatch/middleware/show_exceptions.rb:30:in `call'
  railties (4.0.2) lib/rails/rack/logger.rb:38:in `call_app'
  railties (4.0.2) lib/rails/rack/logger.rb:20:in `block in call'
  activesupport (4.0.2) lib/active_support/tagged_logging.rb:67:in `block in tagged'
  activesupport (4.0.2) lib/active_support/tagged_logging.rb:25:in `tagged'
  activesupport (4.0.2) lib/active_support/tagged_logging.rb:67:in `tagged'
  railties (4.0.2) lib/rails/rack/logger.rb:20:in `call'
  actionpack (4.0.2) lib/action_dispatch/middleware/request_id.rb:21:in `call'
  rack (1.5.2) lib/rack/methodoverride.rb:21:in `call'
  rack (1.5.2) lib/rack/runtime.rb:17:in `call'
  activesupport (4.0.2) lib/active_support/cache/strategy/local_cache.rb:83:in `call'
  rack (1.5.2) lib/rack/lock.rb:17:in `call'
  actionpack (4.0.2) lib/action_dispatch/middleware/static.rb:64:in `call'
  rack (1.5.2) lib/rack/sendfile.rb:112:in `call'
  railties (4.0.2) lib/rails/engine.rb:511:in `call'
  railties (4.0.2) lib/rails/application.rb:97:in `call'
  rack (1.5.2) lib/rack/lock.rb:17:in `call'
  rack (1.5.2) lib/rack/content_length.rb:14:in `call'
  rack (1.5.2) lib/rack/handler/webrick.rb:60:in `service'
  G:/ruby/lib/ruby/2.0.0/webrick/httpserver.rb:138:in `service'
  G:/ruby/lib/ruby/2.0.0/webrick/httpserver.rb:94:in `run'
  G:/ruby/lib/ruby/2.0.0/webrick/server.rb:295:in `block in start_thread'


  Rendered G:/ruby/lib/ruby/gems/2.0.0/gems/actionpack-4.0.2/lib/action_dispatch/middleware/templates/rescues/_trace.erb (3.0ms)
  Rendered G:/ruby/lib/ruby/gems/2.0.0/gems/actionpack-4.0.2/lib/action_dispatch/middleware/templates/routes/_route.html.erb (3.0ms)
  Rendered G:/ruby/lib/ruby/gems/2.0.0/gems/actionpack-4.0.2/lib/action_dispatch/middleware/templates/routes/_table.html.erb (5393.3ms)
  Rendered G:/ruby/lib/ruby/gems/2.0.0/gems/actionpack-4.0.2/lib/action_dispatch/middleware/templates/rescues/routing_error.erb within rescues/layout (17959.0ms)


Started GET "/resumes" for 127.0.0.1 at 2014-03-20 08:45:38 -0700
Processing by ResumesController#index as HTML
  [1m[35mUser Load (1.0ms)[0m  SELECT "users".* FROM "users" WHERE "users"."id" = 1 ORDER BY "users"."id" ASC LIMIT 1
  [1m[36mResume Load (0.0ms)[0m  [1mSELECT "resumes".* FROM "resumes"[0m
DEPRECATION WARNING: :confirm option is deprecated and will be removed from Rails 4.1. Use 'data: { confirm: 'Text' }' instead. (called from block in _app_views_resumes_index_html_erb___1361413292_27188920 at G:/www/chiclancer/v3/public_v3.3/app/views/resumes/index.html.erb:23)
  Rendered resumes/index.html.erb within layouts/application (18.0ms)
Completed 200 OK in 2863ms (Views: 2376.1ms | ActiveRecord: 2.0ms)


Started GET "/assets/application.css?body=1" for 127.0.0.1 at 2014-03-20 08:45:41 -0700


Started GET "/assets/jquery.js?body=1" for 127.0.0.1 at 2014-03-20 08:45:41 -0700


Started GET "/assets/resumes.css?body=1" for 127.0.0.1 at 2014-03-20 08:45:41 -0700


Started GET "/assets/jquery_ujs.js?body=1" for 127.0.0.1 at 2014-03-20 08:45:41 -0700


Started GET "/assets/turbolinks.js?body=1" for 127.0.0.1 at 2014-03-20 08:45:41 -0700


Started GET "/assets/resumes.js?body=1" for 127.0.0.1 at 2014-03-20 08:45:42 -0700


Started GET "/assets/application.js?body=1" for 127.0.0.1 at 2014-03-20 08:45:42 -0700


Started GET "/" for 127.0.0.1 at 2014-03-21 13:05:56 -0700
  [1m[36mActiveRecord::SchemaMigration Load (0.3ms)[0m  [1mSELECT "schema_migrations".* FROM "schema_migrations"[0m
Processing by ResumesController#index as HTML
Completed 401 Unauthorized in 39ms


Started GET "/users/sign_in" for 127.0.0.1 at 2014-03-21 13:05:57 -0700
Processing by Devise::SessionsController#new as HTML
  Rendered /home/jesusalc/.rvm/gems/ruby-2.1.1/gems/devise-3.2.4/app/views/devise/shared/_links.erb (4.0ms)
  Rendered /home/jesusalc/.rvm/gems/ruby-2.1.1/gems/devise-3.2.4/app/views/devise/sessions/new.html.erb within layouts/application (44.2ms)
Completed 200 OK in 3033ms (Views: 3002.8ms | ActiveRecord: 0.5ms)


Started GET "/assets/application.css?body=1" for 127.0.0.1 at 2014-03-21 13:06:00 -0700


Started GET "/assets/jquery.js?body=1" for 127.0.0.1 at 2014-03-21 13:06:00 -0700


Started GET "/assets/resumes.css?body=1" for 127.0.0.1 at 2014-03-21 13:06:00 -0700


Started GET "/assets/jquery_ujs.js?body=1" for 127.0.0.1 at 2014-03-21 13:06:00 -0700


Started GET "/assets/resumes.js?body=1" for 127.0.0.1 at 2014-03-21 13:06:00 -0700


Started GET "/assets/turbolinks.js?body=1" for 127.0.0.1 at 2014-03-21 13:06:00 -0700


Started GET "/assets/application.js?body=1" for 127.0.0.1 at 2014-03-21 13:06:00 -0700


Started GET "/" for 127.0.0.1 at 2014-03-21 13:06:22 -0700
Processing by ResumesController#index as HTML
Completed 401 Unauthorized in 1ms


Started GET "/users/sign_in" for 127.0.0.1 at 2014-03-21 13:06:22 -0700
Processing by Devise::SessionsController#new as HTML
  Rendered /home/jesusalc/.rvm/gems/ruby-2.1.1/gems/devise-3.2.4/app/views/devise/shared/_links.erb (0.6ms)
  Rendered /home/jesusalc/.rvm/gems/ruby-2.1.1/gems/devise-3.2.4/app/views/devise/sessions/new.html.erb within layouts/application (5.0ms)
Completed 200 OK in 38ms (Views: 36.2ms | ActiveRecord: 0.0ms)


Started GET "/assets/application.css?body=1" for 127.0.0.1 at 2014-03-21 13:06:22 -0700


Started GET "/assets/resumes.css?body=1" for 127.0.0.1 at 2014-03-21 13:06:22 -0700


Started GET "/assets/jquery_ujs.js?body=1" for 127.0.0.1 at 2014-03-21 13:06:22 -0700


Started GET "/assets/jquery.js?body=1" for 127.0.0.1 at 2014-03-21 13:06:22 -0700


Started GET "/assets/turbolinks.js?body=1" for 127.0.0.1 at 2014-03-21 13:06:22 -0700


Started GET "/assets/resumes.js?body=1" for 127.0.0.1 at 2014-03-21 13:06:22 -0700


Started GET "/assets/application.js?body=1" for 127.0.0.1 at 2014-03-21 13:06:22 -0700
